{
    "datetime_raw": [
        2011,
        2012,
        2013,
        2011,
        2012,
        2013,
        2011,
        2012,
        2013,
        2011,
        2012,
        2013,
        2011,
        2012,
        2013,
        2011,
        2012,
        2013,
        2011,
        2012,
        2013,
        2011,
        2012,
        2013,
        2011,
        2012,
        2013,
        2011,
        2012,
        2013,
        2011,
        2012,
        2013,
        2011,
        2012,
        2013,
        2011,
        2012,
        2013,
        2011,
        2012,
        2013,
        2011,
        2012,
        2013,
        2011,
        2012,
        2013,
        2011,
        2012,
        2013,
        2011,
        2012,
        2013,
        2011,
        2012,
        2013,
        2011,
        2012,
        2013,
        2011,
        2012,
        2013,
        2011,
        2012,
        2013,
        2011,
        2012,
        2013,
        2011,
        2012,
        2013,
        2011,
        2012,
        2013,
        2011,
        2012,
        2013,
        2011,
        2012,
        2013,
        2011,
        2012,
        2013,
        2011,
        2012,
        2013,
        2011,
        2012,
        2013,
        2011,
        2012,
        2013,
        2011,
        2012,
        2013,
        2011,
        2012,
        2013,
        2011,
        2012,
        2013,
        2011,
        2012,
        2013,
        2011,
        2012,
        2013,
        2011,
        2012,
        2013,
        2011,
        2012,
        2013,
        2011,
        2012,
        2013,
        2011,
        2012,
        2013,
        2011,
        2012,
        2013,
        2011,
        2012,
        2013,
        2011,
        2012,
        2013,
        2011,
        2012,
        2013,
        2011,
        2012,
        2013,
        2011,
        2012,
        2013,
        2011,
        2012,
        2013,
        2011,
        2012,
        2013,
        2011,
        2012,
        2013,
        2011,
        2012,
        2013,
        2011,
        2012,
        2013,
        2011,
        2012,
        2013,
        2011,
        2012,
        2013,
        2011,
        2012,
        2013,
        2011,
        2012,
        2013,
        2011,
        2012,
        2013,
        2011,
        2012,
        2013,
        2011,
        2012,
        2013,
        2011,
        2012,
        2013,
        2011,
        2012,
        2013,
        2011,
        2012,
        2013,
        2011,
        2012,
        2013,
        2011,
        2012,
        2013,
        2011,
        2012,
        2013,
        2011,
        2012,
        2013,
        2011,
        2012,
        2013,
        2011,
        2012,
        2013,
        2011,
        2012,
        2013,
        2011,
        2012,
        2013,
        2011,
        2012,
        2013,
        2011,
        2012,
        2013,
        2011,
        2012,
        2013,
        2011,
        2012,
        2013,
        2011,
        2012,
        2013,
        2011,
        2012,
        2013,
        2011,
        2012,
        2013,
        2011,
        2012,
        2013,
        2011,
        2012,
        2013,
        2011,
        2012,
        2013,
        2011,
        2012,
        2013,
        2011,
        2012,
        2013,
        2011,
        2012,
        2013,
        2011,
        2012,
        2013,
        2011,
        2012,
        2013,
        2011,
        2012,
        2013,
        2011,
        2012,
        2013,
        2011,
        2012,
        2013,
        2011,
        2012,
        2013,
        2011,
        2012,
        2013,
        2011,
        2012,
        2013,
        2011,
        2012,
        2013,
        2011,
        2012,
        2013,
        2011,
        2012,
        2013,
        2011,
        2012,
        2013,
        2011,
        2012,
        2013,
        2011,
        2012,
        2013,
        2011,
        2012,
        2013,
        2011,
        2012,
        2013,
        2011,
        2012,
        2013,
        2011,
        2012,
        2013,
        2011,
        2012,
        2013,
        2011,
        2012,
        2013,
        2011,
        2012,
        2013,
        2011,
        2012,
        2013,
        2011,
        2012,
        2013,
        2011,
        2012,
        2013,
        2011,
        2012,
        2013,
        2011,
        2012,
        2013,
        2011,
        2012,
        2013,
        2011,
        2012,
        2013,
        2011,
        2012,
        2013,
        2011,
        2012,
        2013,
        2011,
        2012,
        2013,
        2011,
        2012,
        2013,
        2011,
        2012,
        2013,
        2011,
        2012,
        2013,
        2011,
        2012,
        2013,
        2011,
        2012,
        2013,
        2011,
        2012,
        2013,
        2011,
        2012,
        2013,
        2011,
        2012,
        2013,
        2011,
        2012,
        2013,
        2011,
        2012,
        2013,
        2011,
        2012,
        2013,
        2011,
        2012,
        2013,
        2011,
        2012,
        2013,
        2011,
        2012,
        2013,
        2011,
        2012,
        2013,
        2011,
        2012,
        2013,
        2011,
        2012,
        2013
    ],
    "values_raw": [
        84219.49731068664,
        28322.19226785212,
        81878.99724144173,
        44491.14212108646,
        71837.72095918981,
        64531.54925397023,
        58962.63983184494,
        27521.79196429043,
        77985.12610115489,
        49546.12331653857,
        17733.774599635875,
        91125.99592305641,
        48112.76477907527,
        28361.33839080076,
        50911.55490474597,
        75538.86974090135,
        96922.32834472919,
        57838.17502367252,
        4529.748563633329,
        27761.119322440096,
        22772.69837788588,
        98780.16287428583,
        66043.70235587473,
        32882.27483888877,
        75822.40661707098,
        36675.400390808165,
        95816.70288678876,
        43627.20041202999,
        93306.11989240753,
        71321.53195158085,
        92022.6562234589,
        40654.84119298064,
        95517.97968746317,
        24550.372817471634,
        65165.63257541488,
        52575.68264705236,
        2355.6015708139143,
        11444.418217618491,
        30569.124856117814,
        83085.26414290175,
        82490.3282073096,
        23819.26749380253,
        60571.092290026616,
        81537.51041572585,
        51840.472873702245,
        8501.937286034077,
        41609.57882619351,
        10062.749354246325,
        87702.15393313405,
        99436.42409836838,
        88957.41555757391,
        18845.79969887633,
        70963.43308910955,
        45570.89638296131,
        12148.011126511827,
        30271.678866607366,
        62744.46427471015,
        106.36059923672114,
        30814.616270255603,
        89093.23263037669,
        22747.961623187053,
        8396.165401437649,
        64710.8913038975,
        25131.04047149558,
        79000.9855093238,
        32183.53011658488,
        72567.41536511248,
        18507.612866205625,
        69530.67498224777,
        63821.532395840586,
        80225.2515555803,
        33048.10209169636,
        36420.78485879502,
        73725.4668597416,
        30811.273740655564,
        33404.1760799062,
        60876.16054487952,
        37753.5923529457,
        22852.59283123812,
        5535.120792769144,
        42456.15871400993,
        91203.86817902514,
        3037.8280775409717,
        85746.83696560054,
        81012.6448839886,
        6258.725997976222,
        80519.2459627718,
        79289.63613260546,
        69906.09365473947,
        57233.0455837431,
        77797.6319784006,
        42384.02601860503,
        39846.843322659166,
        36794.362282293594,
        10189.734579916543,
        52484.354053693016,
        12962.72756695278,
        79116.22323854174,
        16574.309480741656,
        27554.227014500222,
        37596.89537903183,
        59561.96696864258,
        59035.39854371307,
        36867.5805464771,
        1839.2716659866637,
        97072.38171596124,
        16913.651171743495,
        49052.82970883602,
        19846.88399100577,
        33781.36737453691,
        18870.257553301217,
        68070.83899154798,
        51034.178948263376,
        64900.63894895288,
        47447.73659812535,
        16708.10319693009,
        63444.12431650334,
        62105.74029123248,
        9348.405638422131,
        2676.235212432987,
        12347.61414685932,
        95787.28065217784,
        28464.94089901067,
        28357.643769795228,
        66107.22085753329,
        69062.21217578331,
        9997.426571521195,
        13716.291588349293,
        8606.769614370469,
        31429.99916874445,
        74718.73834751977,
        28813.604718758168,
        11588.850837528153,
        15791.91374115001,
        62984.25356207141,
        12902.062255146995,
        68656.95931110509,
        44106.483044701105,
        5490.696360368419,
        78419.44994761361,
        4380.462819641262,
        70422.38497000637,
        18158.745169784484,
        11742.648585472693,
        11934.393831965184,
        95799.18986627868,
        36756.00973837526,
        47446.99090138717,
        41256.42162793542,
        2676.1971061516565,
        94181.76491292236,
        49807.61783859613,
        22950.236571110305,
        54905.61136130048,
        14908.859473425473,
        46114.78808442759,
        81700.65400132297,
        37556.347991356844,
        85515.93506185214,
        31843.909769082224,
        49010.42352189445,
        19506.389283742476,
        42691.190100719075,
        28370.053628432914,
        26093.57086307136,
        48260.12316159276,
        95119.04408573666,
        53020.162934792,
        10618.600611133534,
        59382.06154983862,
        1125.8001132970596,
        40301.19156029879,
        43403.37790625525,
        74226.01246644103,
        1425.1195353387259,
        5591.722252258813,
        55937.30007708344,
        12638.14459949577,
        98510.59024280483,
        73319.16633859805,
        59482.58626097131,
        45309.261094337904,
        71497.7217434384,
        32218.25355163338,
        81654.54516152263,
        34022.98807074091,
        9781.568730507994,
        96342.98753318204,
        73529.08031683796,
        90268.04646548402,
        51309.63165296613,
        45922.50867401581,
        19273.59376734802,
        89796.77785033338,
        52643.36563519786,
        39758.95861206673,
        82466.09413567971,
        21515.006097932153,
        76683.53465770575,
        18008.01187517437,
        22373.581349935277,
        69425.03633971827,
        47308.50871550073,
        54725.73752982468,
        35361.14088349951,
        87640.14086368903,
        95989.72758672955,
        95859.97603400663,
        20564.361378384576,
        429.35642483590277,
        15532.78012789937,
        35901.22441375385,
        54434.686053562466,
        33362.604382461046,
        10350.328402267094,
        29958.544115453922,
        218.99094378275973,
        68776.1596131029,
        33064.35427113633,
        89721.31516009287,
        89378.58131844555,
        64327.66206611357,
        25194.856894380548,
        67430.83288031114,
        46974.92622208812,
        92117.64685125166,
        91203.55763617945,
        85199.71157667149,
        18626.832225590028,
        52173.1177241809,
        23168.913146929237,
        12454.761273136506,
        87956.7828324401,
        41927.9606066534,
        92727.54274334067,
        42204.82336036864,
        36658.77959990044,
        34478.74049440451,
        25315.460936383548,
        83705.8221285515,
        99743.83114915698,
        63982.425650802645,
        34375.95610590796,
        54646.99618619132,
        62273.347238831266,
        23527.97322289736,
        13587.794772950334,
        31934.828348412815,
        38554.16030319362,
        15321.640221102862,
        8071.888705740982,
        56303.46388417899,
        99878.48920854433,
        20724.01527183706,
        42536.16041965423,
        81440.12669815867,
        34311.550425515525,
        58998.371642597056,
        22991.41364789751,
        87834.71666825442,
        68606.14355378656,
        29852.49453670984,
        12875.759802125342,
        90142.1017793189,
        82466.97449719846,
        26125.316839948464,
        98199.93399223124,
        87566.65877408146,
        31229.617607541528,
        79937.63013262182,
        70309.54815949994,
        35669.7868815247,
        95019.35766241468,
        79888.06067458939,
        46537.45889675789,
        69285.42221153015,
        75681.73782899589,
        39497.31948219559,
        27992.32256873778,
        41023.202205164846,
        63169.826009810604,
        2299.4875569626647,
        10715.216287729401,
        17557.085912025184,
        28856.189867976067,
        55997.71034430137,
        34227.703654790144,
        19758.961798385953,
        99865.21157191237,
        37001.90606642551,
        86506.42432710016,
        64203.065100834436,
        95385.9498904025,
        53130.24685901937,
        5597.4057440128845,
        86748.69984840343,
        80783.34376108102,
        65529.831818781844,
        29271.216020855805,
        67071.58475075418,
        53379.377304386464,
        62579.197113061506,
        24772.925568189254,
        19129.77324881757,
        72140.5715811411,
        67958.1527573605,
        60643.71866915956,
        61284.72661847393,
        91989.48233151204,
        60771.1536100609,
        26037.645734014724,
        13474.81411608531,
        82932.22836949522,
        40689.83945119847,
        36190.434716837415,
        46688.95604353774,
        30040.11462692403,
        57249.67547077976,
        38291.8733745921,
        10553.573617395406,
        73270.08470351294,
        58037.66063332035,
        42027.34567350953,
        1512.850621066708,
        32609.62120355909,
        16079.89375898048,
        52398.021721194076,
        66041.27160075051,
        45504.44034231037,
        55364.50939069053,
        81415.05919177989,
        59929.42456408565,
        48057.96706829043,
        63168.250056750774,
        68917.02828039227,
        27359.912920568717,
        98235.47271052479,
        31708.50226296036,
        39710.87430871628,
        73977.53434025327,
        40581.435495722864,
        58857.77935538857,
        17271.394130486893,
        7711.3254224980055,
        11815.358682802656,
        55590.756564829215,
        83495.39844662749,
        71675.96949792664,
        42792.28346926198,
        44478.4105517881,
        71534.55522216558,
        1255.2468378404958,
        41511.88187414746,
        56897.92473176871,
        72323.54361722396,
        80893.01164393935,
        11247.794614304741,
        89201.68234033289,
        37880.63318290011,
        87068.0536091963,
        82289.52160730121,
        35987.13065055722,
        89068.92559781786,
        83058.67323193389,
        1246.1057659527207,
        57862.68741039768,
        70493.89254308912,
        13243.311492220055,
        88484.9756047204,
        82687.12234553466,
        3158.191319284187,
        55338.70231169718,
        43355.92323548884,
        9482.659707366804,
        43002.16347172243,
        24077.818786512362,
        45718.95950327928,
        51693.36071748243,
        66864.30686799326,
        54682.86883137869,
        881.7743814025225,
        76990.36580136044,
        35366.490143699404,
        93341.16448739836,
        97167.78450655767,
        88884.53521681932,
        79440.29081256082,
        65643.68945365607,
        66247.87486872105,
        3195.699054497647
    ]
}